<?xml version="1.0" encoding="UTF-8"?>
<beans xmlns="http://www.springframework.org/schema/beans"
	xmlns:xsi="http://www.w3.org/2001/XMLSchema-instance"
	xmlns:tx="http://www.springframework.org/schema/tx"
	xsi:schemaLocation="
               http://www.springframework.org/schema/beans
               http://www.springframework.org/schema/beans/spring-beans-2.5.xsd
               http://www.springframework.org/schema/tx
               http://www.springframework.org/schema/tx/spring-tx-2.5.xsd
               ">

	<bean
		class="org.springframework.beans.factory.annotation.RequiredAnnotationBeanPostProcessor" />
	<bean
		class="org.springframework.orm.jpa.support.PersistenceAnnotationBeanPostProcessor" />

	<bean id="sessionFactory"
		class="org.springframework.orm.hibernate5.LocalSessionFactoryBean">
		<property name="dataSource" ref="dataSource" />
		<property name="hibernateProperties">
			<props>
				<prop key="hibernate.dialect">org.hibernate.dialect.HSQLDialect</prop>
				<prop key="hibernate.show_sql">true</prop>
				<prop key="hibernate.format_sql">true</prop>
			</props>
		</property>
		<property name="annotatedClasses">
			<list>
				<value>org.cementframework.querybyproxy.hql.jpa.tests.model.SimpleEntity
				</value>
				<value>org.cementframework.querybyproxy.hql.jpa.tests.model.CollectionEntity
				</value>
				<value>org.cementframework.querybyproxy.hql.jpa.tests.model.CollectionReferencedEntity
				</value>
				<value>org.cementframework.querybyproxy.hql.jpa.tests.model.Customer
				</value>
				<value>org.cementframework.querybyproxy.hql.jpa.tests.model.CustomerOrder
				</value>
			</list>
		</property>
	</bean>

	<bean id="dataSource" class="org.apache.commons.dbcp.BasicDataSource">
		<property name="driverClassName" value="org.hsqldb.jdbcDriver" />
		<property name="url"
			value="jdbc:hsqldb:mem:cement-query-by-proxy-testing" />
		<property name="username" value="sa" />
		<property name="password" value="" />
	</bean>

	<bean id="entityManagerFactory"
		class="org.springframework.orm.jpa.LocalContainerEntityManagerFactoryBean">
		<property name="persistenceUnitName" value="testingPU" />
		<property name="dataSource" ref="dataSource" />
	</bean>

	<bean id="transactionManager" class="org.springframework.orm.jpa.JpaTransactionManager">
		<property name="entityManagerFactory" ref="entityManagerFactory" />
	</bean>

	<tx:annotation-driven transaction-manager="transactionManager"
		proxy-target-class="false" />
</beans>